{"/home/manoel/github/simple-notification-service/src/domain/valueObject.ts": {"path":"/home/manoel/github/simple-notification-service/src/domain/valueObject.ts","all":false,"statementMap":{"0":{"start":{"line":1,"column":0},"end":{"line":1,"column":52}},"1":{"start":{"line":2,"column":0},"end":{"line":2,"column":0}},"2":{"start":{"line":3,"column":0},"end":{"line":3,"column":35}},"3":{"start":{"line":4,"column":0},"end":{"line":4,"column":25}},"4":{"start":{"line":5,"column":0},"end":{"line":5,"column":1}},"5":{"start":{"line":6,"column":0},"end":{"line":6,"column":0}},"6":{"start":{"line":7,"column":0},"end":{"line":7,"column":35}},"7":{"start":{"line":8,"column":0},"end":{"line":8,"column":49}},"8":{"start":{"line":9,"column":0},"end":{"line":9,"column":44}},"9":{"start":{"line":10,"column":0},"end":{"line":10,"column":25}},"10":{"start":{"line":11,"column":0},"end":{"line":11,"column":9}},"11":{"start":{"line":12,"column":0},"end":{"line":12,"column":48}},"12":{"start":{"line":13,"column":0},"end":{"line":13,"column":25}},"13":{"start":{"line":14,"column":0},"end":{"line":14,"column":9}},"14":{"start":{"line":15,"column":0},"end":{"line":15,"column":74}},"15":{"start":{"line":16,"column":0},"end":{"line":16,"column":5}},"16":{"start":{"line":17,"column":0},"end":{"line":17,"column":0}},"17":{"start":{"line":18,"column":0},"end":{"line":18,"column":60}},"18":{"start":{"line":19,"column":0},"end":{"line":19,"column":1}}},"s":{"0":1,"1":1,"2":1,"3":1,"4":1,"5":1,"6":1,"7":1,"8":2,"9":0,"10":0,"11":2,"12":0,"13":0,"14":2,"15":2,"16":1,"17":1,"18":1},"branchMap":{"0":{"type":"branch","line":8,"loc":{"start":{"line":8,"column":11},"end":{"line":16,"column":5}},"locations":[{"start":{"line":8,"column":11},"end":{"line":16,"column":5}}]},"1":{"type":"branch","line":9,"loc":{"start":{"line":9,"column":43},"end":{"line":11,"column":9}},"locations":[{"start":{"line":9,"column":43},"end":{"line":11,"column":9}}]},"2":{"type":"branch","line":12,"loc":{"start":{"line":12,"column":47},"end":{"line":14,"column":9}},"locations":[{"start":{"line":12,"column":47},"end":{"line":14,"column":9}}]}},"b":{"0":[2],"1":[0],"2":[0]},"fnMap":{"0":{"name":"equals","decl":{"start":{"line":8,"column":11},"end":{"line":16,"column":5}},"loc":{"start":{"line":8,"column":11},"end":{"line":16,"column":5}},"line":8}},"f":{"0":2}}
}
